<?xml version="1.0" encoding="UTF-8"?>
<!-- Generated by org.testng.reporters.JUnitReportReporter -->
<testsuite hostname="Darling" failures="0" tests="1" name="Demo.DemoTest" time="15.698" errors="0" timestamp="2024-11-06T16:16:48 IST" skipped="0">
  <testcase classname="Demo.DemoTest" name="verify" time="15.698"/>
  <system-out/>
</testsuite> <!-- Demo.DemoTest -->
